<?xml version="1.0" encoding="UTF-8"?>
<!-- Generated by org.testng.reporters.JUnitXMLReporter -->
<testsuite ignored="0" hostname="DESKTOP-CJVTKB1" failures="1" tests="1" name="ChromeTest" time="0.066" errors="0" timestamp="2026-02-16T02:18:51 IST">
  <testcase classname="com.lambdatest.Scenario1_2browser" name="assignment1" time="0.0">
    <failure type="org.testng.TestNGException" message="
Cannot inject @Test annotated Method [assignment1] with [class java.lang.String].
For more information on native dependency injection please refer to https://testng.org/#_dependency_injection">
      <![CDATA[org.testng.TestNGException: 
Cannot inject @Test annotated Method [assignment1] with [class java.lang.String].
For more information on native dependency injection please refer to https://testng.org/#_dependency_injection
at java.base/java.util.ArrayList.forEach(ArrayList.java:1596)
... Removed 26 stack frames]]>
    </failure>
  </testcase> <!-- assignment1 -->
</testsuite> <!-- ChromeTest -->
