<?xml version="1.0" encoding="UTF-8"?>
<!-- Generated by org.testng.reporters.JUnitXMLReporter -->
<testsuite ignored="0" hostname="DESKTOP-CJVTKB1" failures="1" tests="2" name="Test" time="11.404" errors="0" timestamp="2026-02-16T02:17:22 IST">
  <testcase classname="com.lambdatest.Scenario1" name="assignment1" time="2.941">
    <failure type="java.lang.AssertionError" message="expected [Welcome to TestMu A] but found []">
      <![CDATA[java.lang.AssertionError: expected [Welcome to TestMu A] but found []
at com.lambdatest.Scenario1.assignment1(Scenario1.java:52)
at java.base/java.util.concurrent.Executors$RunnableAdapter.call(Executors.java:572)
at java.base/java.util.concurrent.FutureTask.run(FutureTask.java:317)
at java.base/java.util.concurrent.ThreadPoolExecutor.runWorker(ThreadPoolExecutor.java:1144)
at java.base/java.util.concurrent.ThreadPoolExecutor$Worker.run(ThreadPoolExecutor.java:642)
at java.base/java.lang.Thread.run(Thread.java:1583)
... Removed 17 stack frames]]>
    </failure>
  </testcase> <!-- assignment1 -->
  <testcase classname="com.lambdatest.Scenario2" name="assignment2" time="3.5"/>
</testsuite> <!-- Test -->
